<?xml version="1.0" encoding="UTF-8" ?>
<testsuite tests="10" failures="0" name="CalculatorTest" time="0.031" errors="0" skipped="0">
  <properties>
[...]
</properties>
  <testcase classname="CalculatorTest" name="testValidfactorial" time="0.022"/>
  <testcase classname="CalculatorTest" name="testAdd" time="0"/>
  <testcase classname="CalculatorTest" name="testSum" time="0"/>
  <testcase classname="CalculatorTest" name="testSubtract" time="0"/>
  <testcase classname="CalculatorTest" name="testPower" time="0"/>
  <testcase classname="CalculatorTest" name="testShouldThrowWhenDivisorZero" time="0.006"/>
  <testcase classname="CalculatorTest" name="testDivide" time="0"/>
  <testcase classname="CalculatorTest" name="testMultiply" time="0"/>
  <testcase classname="CalculatorTest" name="testNotThrowWhenDividentZero" time="0.002"/>
  <testcase classname="CalculatorTest" name="testShouldThrowWhenNegativeFactorial" time="0.001"/>
</testsuite>